0 info it worked if it ends with ok
1 verbose cli [ 'node',
1 verbose cli   '/usr/local/bin/npm',
1 verbose cli   'update',
1 verbose cli   '-g',
1 verbose cli   'generator-refactoru-html' ]
2 info using npm@1.5.0-alpha-1
3 info using node@v0.10.28
4 verbose node symlink /usr/local/bin/node
5 verbose mapToRegistry name generator-refactoru-html
6 verbose mapToRegistry uri https://registry.npmjs.org/generator-refactoru-html
7 verbose request where is /generator-refactoru-html
8 verbose request registry https://registry.npmjs.org/
9 verbose request id 00f593715dd880c4
10 verbose request url raw /generator-refactoru-html
11 verbose request url resolving [ 'https://registry.npmjs.org/', './generator-refactoru-html' ]
12 verbose request url resolved https://registry.npmjs.org/generator-refactoru-html
13 verbose request where is https://registry.npmjs.org/generator-refactoru-html
14 verbose request no basic auth needed
15 info trying registry request attempt 1 at 21:02:24
16 verbose etag "5F8LR1SW98L353FXBU17V2VNA"
17 http GET https://registry.npmjs.org/generator-refactoru-html
18 http 304 https://registry.npmjs.org/generator-refactoru-html
19 silly registry.get cb [ 304,
19 silly registry.get   { date: 'Sun, 03 Aug 2014 03:02:25 GMT',
19 silly registry.get     server: 'Apache',
19 silly registry.get     via: '1.1 varnish',
19 silly registry.get     'last-modified': 'Sun, 03 Aug 2014 03:02:25 GMT',
19 silly registry.get     'cache-control': 'max-age=60',
19 silly registry.get     etag: '"5F8LR1SW98L353FXBU17V2VNA"',
19 silly registry.get     'x-served-by': 'cache-sjc3129-SJC',
19 silly registry.get     'x-cache': 'MISS',
19 silly registry.get     'x-cache-hits': '0',
19 silly registry.get     'x-timer': 'S1407034945.019852,VS0,VE87',
19 silly registry.get     vary: 'Accept',
19 silly registry.get     'content-length': '0',
19 silly registry.get     'keep-alive': 'timeout=10, max=50',
19 silly registry.get     connection: 'Keep-Alive' } ]
20 verbose etag https://registry.npmjs.org/generator-refactoru-html from cache
21 info outdated updating [ [ '/usr/local/lib',
21 info outdated     'generator-refactoru-html',
21 info outdated     '0.3.1',
21 info outdated     '0.3.2',
21 info outdated     '0.3.2',
21 info outdated     '*' ] ]
22 verbose install where,what [ '/usr/local/lib', [ 'generator-refactoru-html@0.3.2' ] ]
23 verbose cache add [ 'generator-refactoru-html@0.3.2', null ]
24 verbose cache add spec="generator-refactoru-html@0.3.2" args=["generator-refactoru-html@0.3.2",null]
25 verbose parsed spec { raw: 'generator-refactoru-html@0.3.2',
25 verbose parsed spec   scope: null,
25 verbose parsed spec   name: 'generator-refactoru-html',
25 verbose parsed spec   rawSpec: '0.3.2',
25 verbose parsed spec   spec: '0.3.2',
25 verbose parsed spec   type: 'version' }
26 verbose addNamed [ 'generator-refactoru-html', '0.3.2' ]
27 verbose addNamed [ '0.3.2', '0.3.2' ]
28 silly lockFile 6e93fc95-generator-refactoru-html-0-3-2 generator-refactoru-html@0.3.2
29 verbose lock generator-refactoru-html@0.3.2 /Users/Dilts/.npm/6e93fc95-generator-refactoru-html-0-3-2.lock
30 verbose mapToRegistry name generator-refactoru-html
31 verbose mapToRegistry uri https://registry.npmjs.org/generator-refactoru-html
32 verbose registry.get https://registry.npmjs.org/generator-refactoru-html not expired, no request
33 silly lockFile 776ef991-nerator-refactoru-html-0-3-2-tgz https://registry.npmjs.org/generator-refactoru-html/-/generator-refactoru-html-0.3.2.tgz
34 verbose lock https://registry.npmjs.org/generator-refactoru-html/-/generator-refactoru-html-0.3.2.tgz /Users/Dilts/.npm/776ef991-nerator-refactoru-html-0-3-2-tgz.lock
35 verbose addRemoteTarball [ 'https://registry.npmjs.org/generator-refactoru-html/-/generator-refactoru-html-0.3.2.tgz',
35 verbose addRemoteTarball   '162e3dbbe9b68b0c85829c52ac9cbc00b009844d' ]
36 info retry fetch attempt 1 at 21:02:26
37 verbose fetch to= /var/folders/08/tqnf1ltn6r78f3g53v3c0x000000gn/T/npm-576-pi-HJTpz/registry.npmjs.org/generator-refactoru-html/-/generator-refactoru-html-0.3.2.tgz
38 http GET https://registry.npmjs.org/generator-refactoru-html/-/generator-refactoru-html-0.3.2.tgz
39 http 200 https://registry.npmjs.org/generator-refactoru-html/-/generator-refactoru-html-0.3.2.tgz
40 silly lockFile 776ef991-nerator-refactoru-html-0-3-2-tgz https://registry.npmjs.org/generator-refactoru-html/-/generator-refactoru-html-0.3.2.tgz
41 silly lockFile 776ef991-nerator-refactoru-html-0-3-2-tgz https://registry.npmjs.org/generator-refactoru-html/-/generator-refactoru-html-0.3.2.tgz
42 silly lockFile 6e93fc95-generator-refactoru-html-0-3-2 generator-refactoru-html@0.3.2
43 silly lockFile 6e93fc95-generator-refactoru-html-0-3-2 generator-refactoru-html@0.3.2
44 error Error: EACCES, mkdir '/Users/Dilts/.npm/generator-refactoru-html/0.3.2'
44 error  { [Error: EACCES, mkdir '/Users/Dilts/.npm/generator-refactoru-html/0.3.2']
44 error   errno: 3,
44 error   code: 'EACCES',
44 error   path: '/Users/Dilts/.npm/generator-refactoru-html/0.3.2' }
45 error Please try running this command again as root/Administrator.
46 error System Darwin 13.3.0
47 error command "node" "/usr/local/bin/npm" "update" "-g" "generator-refactoru-html"
48 error cwd /Users/Dilts/Desktop/Current Projects/Current Projects/eiger_website/html
49 error node -v v0.10.28
50 error npm -v 1.5.0-alpha-1
51 error path /Users/Dilts/.npm/generator-refactoru-html/0.3.2
52 error code EACCES
53 error errno 3
54 error stack Error: EACCES, mkdir '/Users/Dilts/.npm/generator-refactoru-html/0.3.2'
55 verbose exit [ 3, true ]
